<?xml version="1.0" encoding="UTF-8"?>
<testng-results ignored="0" total="1" passed="1" failed="0" skipped="0">
  <reporter-output>
  </reporter-output>
  <suite started-at="2023-03-06T22:49:32 IST" name="Unocoin" finished-at="2023-03-06T22:50:13 IST" duration-ms="40596">
    <groups>
    </groups>
    <test started-at="2023-03-06T22:49:32 IST" name="UnoWebSanity Test" finished-at="2023-03-06T22:50:13 IST" duration-ms="40596">
      <class name="com.Unocoin_Web.testCases.TC_LoginTest_001">
        <test-method is-config="true" signature="setup(java.lang.String)[pri:0, instance:com.Unocoin_Web.testCases.TC_LoginTest_001@242b836]" started-at="2023-03-06T22:49:33 IST" name="setup" finished-at="2023-03-06T22:50:11 IST" duration-ms="38488" status="PASS">
          <params>
            <param index="0">
              <value>
                <![CDATA[chrome]]>
              </value>
            </param>
          </params>
          <reporter-output>
          </reporter-output>
        </test-method> <!-- setup -->
        <test-method signature="loginTest()[pri:0, instance:com.Unocoin_Web.testCases.TC_LoginTest_001@242b836]" started-at="2023-03-06T22:50:11 IST" name="loginTest" finished-at="2023-03-06T22:50:11 IST" duration-ms="12" status="PASS">
          <reporter-output>
          </reporter-output>
        </test-method> <!-- loginTest -->
        <test-method is-config="true" signature="tearDown()[pri:0, instance:com.Unocoin_Web.testCases.TC_LoginTest_001@242b836]" started-at="2023-03-06T22:50:11 IST" name="tearDown" finished-at="2023-03-06T22:50:13 IST" duration-ms="1407" status="PASS">
          <reporter-output>
          </reporter-output>
        </test-method> <!-- tearDown -->
      </class> <!-- com.Unocoin_Web.testCases.TC_LoginTest_001 -->
    </test> <!-- UnoWebSanity Test -->
  </suite> <!-- Unocoin -->
</testng-results>
